2026-01-15 15:55:18,153 | ERROR | surveyor_admin | Create Surveyor failed
Traceback (most recent call last):
  File "D:\PPC_Enum_List\.venv\Lib\site-packages\sqlalchemy\engine\base.py", line 1967, in _exec_single_context
    self.dialect.do_execute(
    ~~~~~~~~~~~~~~~~~~~~~~~^
        cursor, str_statement, effective_parameters, context
        ^^^^^^^^^^^^^^^^^^^^^^^^^^^^^^^^^^^^^^^^^^^^^^^^^^^^
    )
    ^
  File "D:\PPC_Enum_List\.venv\Lib\site-packages\sqlalchemy\engine\default.py", line 952, in do_execute
    cursor.execute(statement, parameters)
    ~~~~~~~~~~~~~~^^^^^^^^^^^^^^^^^^^^^^^
  File "D:\PPC_Enum_List\.venv\Lib\site-packages\pymysql\cursors.py", line 153, in execute
    result = self._query(query)
  File "D:\PPC_Enum_List\.venv\Lib\site-packages\pymysql\cursors.py", line 322, in _query
    conn.query(q)
    ~~~~~~~~~~^^^
  File "D:\PPC_Enum_List\.venv\Lib\site-packages\pymysql\connections.py", line 575, in query
    self._affected_rows = self._read_query_result(unbuffered=unbuffered)
                          ~~~~~~~~~~~~~~~~~~~~~~~^^^^^^^^^^^^^^^^^^^^^^^
  File "D:\PPC_Enum_List\.venv\Lib\site-packages\pymysql\connections.py", line 826, in _read_query_result
    result.read()
    ~~~~~~~~~~~^^
  File "D:\PPC_Enum_List\.venv\Lib\site-packages\pymysql\connections.py", line 1203, in read
    first_packet = self.connection._read_packet()
  File "D:\PPC_Enum_List\.venv\Lib\site-packages\pymysql\connections.py", line 782, in _read_packet
    packet.raise_for_error()
    ~~~~~~~~~~~~~~~~~~~~~~^^
  File "D:\PPC_Enum_List\.venv\Lib\site-packages\pymysql\protocol.py", line 219, in raise_for_error
    err.raise_mysql_exception(self._data)
    ~~~~~~~~~~~~~~~~~~~~~~~~~^^^^^^^^^^^^
  File "D:\PPC_Enum_List\.venv\Lib\site-packages\pymysql\err.py", line 150, in raise_mysql_exception
    raise errorclass(errno, errval)
pymysql.err.OperationalError: (1364, "Field 'Permanent_Residence' doesn't have a default value")

The above exception was the direct cause of the following exception:

Traceback (most recent call last):
  File "D:\PPC_Enum_List\app.py", line 393, in <module>
    run_exec(
    ~~~~~~~~^
        engine,
        ^^^^^^^
    ...<25 lines>...
        },
        ^^
    )
    ^
  File "D:\PPC_Enum_List\app.py", line 46, in run_exec
    conn.execute(text(query), params or {})
    ~~~~~~~~~~~~^^^^^^^^^^^^^^^^^^^^^^^^^^^
  File "D:\PPC_Enum_List\.venv\Lib\site-packages\sqlalchemy\engine\base.py", line 1419, in execute
    return meth(
        self,
        distilled_parameters,
        execution_options or NO_OPTIONS,
    )
  File "D:\PPC_Enum_List\.venv\Lib\site-packages\sqlalchemy\sql\elements.py", line 527, in _execute_on_connection
    return connection._execute_clauseelement(
           ~~~~~~~~~~~~~~~~~~~~~~~~~~~~~~~~~^
        self, distilled_params, execution_options
        ^^^^^^^^^^^^^^^^^^^^^^^^^^^^^^^^^^^^^^^^^
    )
    ^
  File "D:\PPC_Enum_List\.venv\Lib\site-packages\sqlalchemy\engine\base.py", line 1641, in _execute_clauseelement
    ret = self._execute_context(
        dialect,
    ...<8 lines>...
        cache_hit=cache_hit,
    )
  File "D:\PPC_Enum_List\.venv\Lib\site-packages\sqlalchemy\engine\base.py", line 1846, in _execute_context
    return self._exec_single_context(
           ~~~~~~~~~~~~~~~~~~~~~~~~~^
        dialect, context, statement, parameters
        ^^^^^^^^^^^^^^^^^^^^^^^^^^^^^^^^^^^^^^^
    )
    ^
  File "D:\PPC_Enum_List\.venv\Lib\site-packages\sqlalchemy\engine\base.py", line 1986, in _exec_single_context
    self._handle_dbapi_exception(
    ~~~~~~~~~~~~~~~~~~~~~~~~~~~~^
        e, str_statement, effective_parameters, cursor, context
        ^^^^^^^^^^^^^^^^^^^^^^^^^^^^^^^^^^^^^^^^^^^^^^^^^^^^^^^
    )
    ^
  File "D:\PPC_Enum_List\.venv\Lib\site-packages\sqlalchemy\engine\base.py", line 2363, in _handle_dbapi_exception
    raise sqlalchemy_exception.with_traceback(exc_info[2]) from e
  File "D:\PPC_Enum_List\.venv\Lib\site-packages\sqlalchemy\engine\base.py", line 1967, in _exec_single_context
    self.dialect.do_execute(
    ~~~~~~~~~~~~~~~~~~~~~~~^
        cursor, str_statement, effective_parameters, context
        ^^^^^^^^^^^^^^^^^^^^^^^^^^^^^^^^^^^^^^^^^^^^^^^^^^^^
    )
    ^
  File "D:\PPC_Enum_List\.venv\Lib\site-packages\sqlalchemy\engine\default.py", line 952, in do_execute
    cursor.execute(statement, parameters)
    ~~~~~~~~~~~~~~^^^^^^^^^^^^^^^^^^^^^^^
  File "D:\PPC_Enum_List\.venv\Lib\site-packages\pymysql\cursors.py", line 153, in execute
    result = self._query(query)
  File "D:\PPC_Enum_List\.venv\Lib\site-packages\pymysql\cursors.py", line 322, in _query
    conn.query(q)
    ~~~~~~~~~~^^^
  File "D:\PPC_Enum_List\.venv\Lib\site-packages\pymysql\connections.py", line 575, in query
    self._affected_rows = self._read_query_result(unbuffered=unbuffered)
                          ~~~~~~~~~~~~~~~~~~~~~~~^^^^^^^^^^^^^^^^^^^^^^^
  File "D:\PPC_Enum_List\.venv\Lib\site-packages\pymysql\connections.py", line 826, in _read_query_result
    result.read()
    ~~~~~~~~~~~^^
  File "D:\PPC_Enum_List\.venv\Lib\site-packages\pymysql\connections.py", line 1203, in read
    first_packet = self.connection._read_packet()
  File "D:\PPC_Enum_List\.venv\Lib\site-packages\pymysql\connections.py", line 782, in _read_packet
    packet.raise_for_error()
    ~~~~~~~~~~~~~~~~~~~~~~^^
  File "D:\PPC_Enum_List\.venv\Lib\site-packages\pymysql\protocol.py", line 219, in raise_for_error
    err.raise_mysql_exception(self._data)
    ~~~~~~~~~~~~~~~~~~~~~~~~~^^^^^^^^^^^^
  File "D:\PPC_Enum_List\.venv\Lib\site-packages\pymysql\err.py", line 150, in raise_mysql_exception
    raise errorclass(errno, errval)
sqlalchemy.exc.OperationalError: (pymysql.err.OperationalError) (1364, "Field 'Permanent_Residence' doesn't have a default value")
[SQL: 
                                INSERT INTO surveyors
                                (Surveyor_Name, Gender, Father_Name, Tazkira_No,
                                 Permanent_Province_Code, Current_Province_Code,
                                 Email_Address, Whatsapp_Number, Phone_Number,
                                 CV_File, CV_File_Name, CV_Mime)
                                VALUES
                                (%(Surveyor_Name)s, %(Gender)s, %(Father_Name)s, %(Tazkira_No)s,
                                 %(Permanent_Province_Code)s, %(Current_Province_Code)s,
                                 %(Email_Address)s, %(Whatsapp_Number)s, %(Phone_Number)s,
                                 %(CV_File)s, %(CV_File_Name)s, %(CV_Mime)s)
                                ]
[parameters: {'Surveyor_Name': 'Ali', 'Gender': 'Male', 'Father_Name': 'Ahmad', 'Tazkira_No': '1234-1234-12345', 'Permanent_Province_Code': 'BDG', 'Current_Province_Code': 'BGL', 'Email_Address': 'ahsas.257.shabeer@gmail.com', 'Whatsapp_Number': '+93731613405', 'Phone_Number': '+93731613405', 'CV_File': b'%PDF-1.3\n%\xff\xff\xff\xff\n9 0 obj\n<<\n/Type /ExtGState\n/ca 1\n>>\nendobj\n11 0 obj\n<<\n/S /URI\n/URI (https://docs.surveycto.com/export-report ... (156028 characters truncated) ... \n<<\n/Size 20\n/Root 3 0 R\n/Info 15 0 R\n/ID [<a1c91fd44668ed99655f55febb16af6d> <a1c91fd44668ed99655f55febb16af6d>]\n>>\nstartxref\n54896\n%%EOF\n', 'CV_File_Name': 'Teacher_Pro_Training_export_report.pdf', 'CV_Mime': 'application/pdf'}]
(Background on this error at: https://sqlalche.me/e/20/e3q8)
2026-01-15 15:56:11,143 | ERROR | surveyor_admin | Create Surveyor failed
Traceback (most recent call last):
  File "D:\PPC_Enum_List\.venv\Lib\site-packages\sqlalchemy\engine\base.py", line 1967, in _exec_single_context
    self.dialect.do_execute(
    ~~~~~~~~~~~~~~~~~~~~~~~^
        cursor, str_statement, effective_parameters, context
        ^^^^^^^^^^^^^^^^^^^^^^^^^^^^^^^^^^^^^^^^^^^^^^^^^^^^
    )
    ^
  File "D:\PPC_Enum_List\.venv\Lib\site-packages\sqlalchemy\engine\default.py", line 952, in do_execute
    cursor.execute(statement, parameters)
    ~~~~~~~~~~~~~~^^^^^^^^^^^^^^^^^^^^^^^
  File "D:\PPC_Enum_List\.venv\Lib\site-packages\pymysql\cursors.py", line 153, in execute
    result = self._query(query)
  File "D:\PPC_Enum_List\.venv\Lib\site-packages\pymysql\cursors.py", line 322, in _query
    conn.query(q)
    ~~~~~~~~~~^^^
  File "D:\PPC_Enum_List\.venv\Lib\site-packages\pymysql\connections.py", line 575, in query
    self._affected_rows = self._read_query_result(unbuffered=unbuffered)
                          ~~~~~~~~~~~~~~~~~~~~~~~^^^^^^^^^^^^^^^^^^^^^^^
  File "D:\PPC_Enum_List\.venv\Lib\site-packages\pymysql\connections.py", line 826, in _read_query_result
    result.read()
    ~~~~~~~~~~~^^
  File "D:\PPC_Enum_List\.venv\Lib\site-packages\pymysql\connections.py", line 1203, in read
    first_packet = self.connection._read_packet()
  File "D:\PPC_Enum_List\.venv\Lib\site-packages\pymysql\connections.py", line 782, in _read_packet
    packet.raise_for_error()
    ~~~~~~~~~~~~~~~~~~~~~~^^
  File "D:\PPC_Enum_List\.venv\Lib\site-packages\pymysql\protocol.py", line 219, in raise_for_error
    err.raise_mysql_exception(self._data)
    ~~~~~~~~~~~~~~~~~~~~~~~~~^^^^^^^^^^^^
  File "D:\PPC_Enum_List\.venv\Lib\site-packages\pymysql\err.py", line 150, in raise_mysql_exception
    raise errorclass(errno, errval)
pymysql.err.OperationalError: (1364, "Field 'Permanent_Residence' doesn't have a default value")

The above exception was the direct cause of the following exception:

Traceback (most recent call last):
  File "D:\PPC_Enum_List\app.py", line 393, in <module>
    run_exec(
    ~~~~~~~~^
        engine,
        ^^^^^^^
    ...<25 lines>...
        },
        ^^
    )
    ^
  File "D:\PPC_Enum_List\app.py", line 46, in run_exec
    conn.execute(text(query), params or {})
    ~~~~~~~~~~~~^^^^^^^^^^^^^^^^^^^^^^^^^^^
  File "D:\PPC_Enum_List\.venv\Lib\site-packages\sqlalchemy\engine\base.py", line 1419, in execute
    return meth(
        self,
        distilled_parameters,
        execution_options or NO_OPTIONS,
    )
  File "D:\PPC_Enum_List\.venv\Lib\site-packages\sqlalchemy\sql\elements.py", line 527, in _execute_on_connection
    return connection._execute_clauseelement(
           ~~~~~~~~~~~~~~~~~~~~~~~~~~~~~~~~~^
        self, distilled_params, execution_options
        ^^^^^^^^^^^^^^^^^^^^^^^^^^^^^^^^^^^^^^^^^
    )
    ^
  File "D:\PPC_Enum_List\.venv\Lib\site-packages\sqlalchemy\engine\base.py", line 1641, in _execute_clauseelement
    ret = self._execute_context(
        dialect,
    ...<8 lines>...
        cache_hit=cache_hit,
    )
  File "D:\PPC_Enum_List\.venv\Lib\site-packages\sqlalchemy\engine\base.py", line 1846, in _execute_context
    return self._exec_single_context(
           ~~~~~~~~~~~~~~~~~~~~~~~~~^
        dialect, context, statement, parameters
        ^^^^^^^^^^^^^^^^^^^^^^^^^^^^^^^^^^^^^^^
    )
    ^
  File "D:\PPC_Enum_List\.venv\Lib\site-packages\sqlalchemy\engine\base.py", line 1986, in _exec_single_context
    self._handle_dbapi_exception(
    ~~~~~~~~~~~~~~~~~~~~~~~~~~~~^
        e, str_statement, effective_parameters, cursor, context
        ^^^^^^^^^^^^^^^^^^^^^^^^^^^^^^^^^^^^^^^^^^^^^^^^^^^^^^^
    )
    ^
  File "D:\PPC_Enum_List\.venv\Lib\site-packages\sqlalchemy\engine\base.py", line 2363, in _handle_dbapi_exception
    raise sqlalchemy_exception.with_traceback(exc_info[2]) from e
  File "D:\PPC_Enum_List\.venv\Lib\site-packages\sqlalchemy\engine\base.py", line 1967, in _exec_single_context
    self.dialect.do_execute(
    ~~~~~~~~~~~~~~~~~~~~~~~^
        cursor, str_statement, effective_parameters, context
        ^^^^^^^^^^^^^^^^^^^^^^^^^^^^^^^^^^^^^^^^^^^^^^^^^^^^
    )
    ^
  File "D:\PPC_Enum_List\.venv\Lib\site-packages\sqlalchemy\engine\default.py", line 952, in do_execute
    cursor.execute(statement, parameters)
    ~~~~~~~~~~~~~~^^^^^^^^^^^^^^^^^^^^^^^
  File "D:\PPC_Enum_List\.venv\Lib\site-packages\pymysql\cursors.py", line 153, in execute
    result = self._query(query)
  File "D:\PPC_Enum_List\.venv\Lib\site-packages\pymysql\cursors.py", line 322, in _query
    conn.query(q)
    ~~~~~~~~~~^^^
  File "D:\PPC_Enum_List\.venv\Lib\site-packages\pymysql\connections.py", line 575, in query
    self._affected_rows = self._read_query_result(unbuffered=unbuffered)
                          ~~~~~~~~~~~~~~~~~~~~~~~^^^^^^^^^^^^^^^^^^^^^^^
  File "D:\PPC_Enum_List\.venv\Lib\site-packages\pymysql\connections.py", line 826, in _read_query_result
    result.read()
    ~~~~~~~~~~~^^
  File "D:\PPC_Enum_List\.venv\Lib\site-packages\pymysql\connections.py", line 1203, in read
    first_packet = self.connection._read_packet()
  File "D:\PPC_Enum_List\.venv\Lib\site-packages\pymysql\connections.py", line 782, in _read_packet
    packet.raise_for_error()
    ~~~~~~~~~~~~~~~~~~~~~~^^
  File "D:\PPC_Enum_List\.venv\Lib\site-packages\pymysql\protocol.py", line 219, in raise_for_error
    err.raise_mysql_exception(self._data)
    ~~~~~~~~~~~~~~~~~~~~~~~~~^^^^^^^^^^^^
  File "D:\PPC_Enum_List\.venv\Lib\site-packages\pymysql\err.py", line 150, in raise_mysql_exception
    raise errorclass(errno, errval)
sqlalchemy.exc.OperationalError: (pymysql.err.OperationalError) (1364, "Field 'Permanent_Residence' doesn't have a default value")
[SQL: 
                                INSERT INTO surveyors
                                (Surveyor_Name, Gender, Father_Name, Tazkira_No,
                                 Permanent_Province_Code, Current_Province_Code,
                                 Email_Address, Whatsapp_Number, Phone_Number,
                                 CV_File, CV_File_Name, CV_Mime)
                                VALUES
                                (%(Surveyor_Name)s, %(Gender)s, %(Father_Name)s, %(Tazkira_No)s,
                                 %(Permanent_Province_Code)s, %(Current_Province_Code)s,
                                 %(Email_Address)s, %(Whatsapp_Number)s, %(Phone_Number)s,
                                 %(CV_File)s, %(CV_File_Name)s, %(CV_Mime)s)
                                ]
[parameters: {'Surveyor_Name': 'Alisdf', 'Gender': 'Male', 'Father_Name': 'Ahmadsdf', 'Tazkira_No': '1234-1234-12334', 'Permanent_Province_Code': 'BDG', 'Current_Province_Code': 'BGL', 'Email_Address': 'ahsas.257.shabeer@gmail.com', 'Whatsapp_Number': '+93731613405', 'Phone_Number': '+93731613405', 'CV_File': b'%PDF-1.3\n%\xff\xff\xff\xff\n9 0 obj\n<<\n/Type /ExtGState\n/ca 1\n>>\nendobj\n11 0 obj\n<<\n/S /URI\n/URI (https://docs.surveycto.com/export-report ... (156028 characters truncated) ... \n<<\n/Size 20\n/Root 3 0 R\n/Info 15 0 R\n/ID [<a1c91fd44668ed99655f55febb16af6d> <a1c91fd44668ed99655f55febb16af6d>]\n>>\nstartxref\n54896\n%%EOF\n', 'CV_File_Name': 'Teacher_Pro_Training_export_report.pdf', 'CV_Mime': 'application/pdf'}]
(Background on this error at: https://sqlalche.me/e/20/e3q8)
2026-01-15 16:07:40,260 | ERROR | surveyor_admin | Create Surveyor failed
Traceback (most recent call last):
  File "D:\PPC_Enum_List\.venv\Lib\site-packages\sqlalchemy\engine\base.py", line 1967, in _exec_single_context
    self.dialect.do_execute(
    ~~~~~~~~~~~~~~~~~~~~~~~^
        cursor, str_statement, effective_parameters, context
        ^^^^^^^^^^^^^^^^^^^^^^^^^^^^^^^^^^^^^^^^^^^^^^^^^^^^
    )
    ^
  File "D:\PPC_Enum_List\.venv\Lib\site-packages\sqlalchemy\engine\default.py", line 952, in do_execute
    cursor.execute(statement, parameters)
    ~~~~~~~~~~~~~~^^^^^^^^^^^^^^^^^^^^^^^
  File "D:\PPC_Enum_List\.venv\Lib\site-packages\pymysql\cursors.py", line 153, in execute
    result = self._query(query)
  File "D:\PPC_Enum_List\.venv\Lib\site-packages\pymysql\cursors.py", line 322, in _query
    conn.query(q)
    ~~~~~~~~~~^^^
  File "D:\PPC_Enum_List\.venv\Lib\site-packages\pymysql\connections.py", line 575, in query
    self._affected_rows = self._read_query_result(unbuffered=unbuffered)
                          ~~~~~~~~~~~~~~~~~~~~~~~^^^^^^^^^^^^^^^^^^^^^^^
  File "D:\PPC_Enum_List\.venv\Lib\site-packages\pymysql\connections.py", line 826, in _read_query_result
    result.read()
    ~~~~~~~~~~~^^
  File "D:\PPC_Enum_List\.venv\Lib\site-packages\pymysql\connections.py", line 1203, in read
    first_packet = self.connection._read_packet()
  File "D:\PPC_Enum_List\.venv\Lib\site-packages\pymysql\connections.py", line 782, in _read_packet
    packet.raise_for_error()
    ~~~~~~~~~~~~~~~~~~~~~~^^
  File "D:\PPC_Enum_List\.venv\Lib\site-packages\pymysql\protocol.py", line 219, in raise_for_error
    err.raise_mysql_exception(self._data)
    ~~~~~~~~~~~~~~~~~~~~~~~~~^^^^^^^^^^^^
  File "D:\PPC_Enum_List\.venv\Lib\site-packages\pymysql\err.py", line 150, in raise_mysql_exception
    raise errorclass(errno, errval)
pymysql.err.OperationalError: (1364, "Field 'Permanent_Residence' doesn't have a default value")

The above exception was the direct cause of the following exception:

Traceback (most recent call last):
  File "D:\PPC_Enum_List\app.py", line 393, in <module>
    run_exec(
    ~~~~~~~~^
        engine,
        ^^^^^^^
    ...<25 lines>...
        },
        ^^
    )
    ^
  File "D:\PPC_Enum_List\app.py", line 46, in run_exec
    conn.execute(text(query), params or {})
    ~~~~~~~~~~~~^^^^^^^^^^^^^^^^^^^^^^^^^^^
  File "D:\PPC_Enum_List\.venv\Lib\site-packages\sqlalchemy\engine\base.py", line 1419, in execute
    return meth(
        self,
        distilled_parameters,
        execution_options or NO_OPTIONS,
    )
  File "D:\PPC_Enum_List\.venv\Lib\site-packages\sqlalchemy\sql\elements.py", line 527, in _execute_on_connection
    return connection._execute_clauseelement(
           ~~~~~~~~~~~~~~~~~~~~~~~~~~~~~~~~~^
        self, distilled_params, execution_options
        ^^^^^^^^^^^^^^^^^^^^^^^^^^^^^^^^^^^^^^^^^
    )
    ^
  File "D:\PPC_Enum_List\.venv\Lib\site-packages\sqlalchemy\engine\base.py", line 1641, in _execute_clauseelement
    ret = self._execute_context(
        dialect,
    ...<8 lines>...
        cache_hit=cache_hit,
    )
  File "D:\PPC_Enum_List\.venv\Lib\site-packages\sqlalchemy\engine\base.py", line 1846, in _execute_context
    return self._exec_single_context(
           ~~~~~~~~~~~~~~~~~~~~~~~~~^
        dialect, context, statement, parameters
        ^^^^^^^^^^^^^^^^^^^^^^^^^^^^^^^^^^^^^^^
    )
    ^
  File "D:\PPC_Enum_List\.venv\Lib\site-packages\sqlalchemy\engine\base.py", line 1986, in _exec_single_context
    self._handle_dbapi_exception(
    ~~~~~~~~~~~~~~~~~~~~~~~~~~~~^
        e, str_statement, effective_parameters, cursor, context
        ^^^^^^^^^^^^^^^^^^^^^^^^^^^^^^^^^^^^^^^^^^^^^^^^^^^^^^^
    )
    ^
  File "D:\PPC_Enum_List\.venv\Lib\site-packages\sqlalchemy\engine\base.py", line 2363, in _handle_dbapi_exception
    raise sqlalchemy_exception.with_traceback(exc_info[2]) from e
  File "D:\PPC_Enum_List\.venv\Lib\site-packages\sqlalchemy\engine\base.py", line 1967, in _exec_single_context
    self.dialect.do_execute(
    ~~~~~~~~~~~~~~~~~~~~~~~^
        cursor, str_statement, effective_parameters, context
        ^^^^^^^^^^^^^^^^^^^^^^^^^^^^^^^^^^^^^^^^^^^^^^^^^^^^
    )
    ^
  File "D:\PPC_Enum_List\.venv\Lib\site-packages\sqlalchemy\engine\default.py", line 952, in do_execute
    cursor.execute(statement, parameters)
    ~~~~~~~~~~~~~~^^^^^^^^^^^^^^^^^^^^^^^
  File "D:\PPC_Enum_List\.venv\Lib\site-packages\pymysql\cursors.py", line 153, in execute
    result = self._query(query)
  File "D:\PPC_Enum_List\.venv\Lib\site-packages\pymysql\cursors.py", line 322, in _query
    conn.query(q)
    ~~~~~~~~~~^^^
  File "D:\PPC_Enum_List\.venv\Lib\site-packages\pymysql\connections.py", line 575, in query
    self._affected_rows = self._read_query_result(unbuffered=unbuffered)
                          ~~~~~~~~~~~~~~~~~~~~~~~^^^^^^^^^^^^^^^^^^^^^^^
  File "D:\PPC_Enum_List\.venv\Lib\site-packages\pymysql\connections.py", line 826, in _read_query_result
    result.read()
    ~~~~~~~~~~~^^
  File "D:\PPC_Enum_List\.venv\Lib\site-packages\pymysql\connections.py", line 1203, in read
    first_packet = self.connection._read_packet()
  File "D:\PPC_Enum_List\.venv\Lib\site-packages\pymysql\connections.py", line 782, in _read_packet
    packet.raise_for_error()
    ~~~~~~~~~~~~~~~~~~~~~~^^
  File "D:\PPC_Enum_List\.venv\Lib\site-packages\pymysql\protocol.py", line 219, in raise_for_error
    err.raise_mysql_exception(self._data)
    ~~~~~~~~~~~~~~~~~~~~~~~~~^^^^^^^^^^^^
  File "D:\PPC_Enum_List\.venv\Lib\site-packages\pymysql\err.py", line 150, in raise_mysql_exception
    raise errorclass(errno, errval)
sqlalchemy.exc.OperationalError: (pymysql.err.OperationalError) (1364, "Field 'Permanent_Residence' doesn't have a default value")
[SQL: 
                                INSERT INTO surveyors
                                (Surveyor_Name, Gender, Father_Name, Tazkira_No,
                                 Permanent_Province_Code, Current_Province_Code,
                                 Email_Address, Whatsapp_Number, Phone_Number,
                                 CV_File, CV_File_Name, CV_Mime)
                                VALUES
                                (%(Surveyor_Name)s, %(Gender)s, %(Father_Name)s, %(Tazkira_No)s,
                                 %(Permanent_Province_Code)s, %(Current_Province_Code)s,
                                 %(Email_Address)s, %(Whatsapp_Number)s, %(Phone_Number)s,
                                 %(CV_File)s, %(CV_File_Name)s, %(CV_Mime)s)
                                ]
[parameters: {'Surveyor_Name': 'Shabeer', 'Gender': 'Male', 'Father_Name': 'Ahsas', 'Tazkira_No': '1234-1234-12233', 'Permanent_Province_Code': 'KAB', 'Current_Province_Code': 'BAL', 'Email_Address': 'ahsas.dsfd.shabeer@gmail.com', 'Whatsapp_Number': '+93745552212', 'Phone_Number': '+93745587123', 'CV_File': b'%PDF-1.3\n%\xff\xff\xff\xff\n9 0 obj\n<<\n/Type /ExtGState\n/ca 1\n>>\nendobj\n11 0 obj\n<<\n/S /URI\n/URI (https://docs.surveycto.com/export-report ... (155625 characters truncated) ... \n<<\n/Size 20\n/Root 3 0 R\n/Info 15 0 R\n/ID [<dfe3e2d97b99996428a3ee70adcd4f09> <dfe3e2d97b99996428a3ee70adcd4f09>]\n>>\nstartxref\n54792\n%%EOF\n', 'CV_File_Name': 'CBE_Data__Entry_export_report.pdf', 'CV_Mime': 'application/pdf'}]
(Background on this error at: https://sqlalche.me/e/20/e3q8)
2026-01-15 16:10:15,321 | ERROR | surveyor_admin | Create Surveyor failed
Traceback (most recent call last):
  File "D:\PPC_Enum_List\.venv\Lib\site-packages\sqlalchemy\engine\base.py", line 1967, in _exec_single_context
    self.dialect.do_execute(
    ~~~~~~~~~~~~~~~~~~~~~~~^
        cursor, str_statement, effective_parameters, context
        ^^^^^^^^^^^^^^^^^^^^^^^^^^^^^^^^^^^^^^^^^^^^^^^^^^^^
    )
    ^
  File "D:\PPC_Enum_List\.venv\Lib\site-packages\sqlalchemy\engine\default.py", line 952, in do_execute
    cursor.execute(statement, parameters)
    ~~~~~~~~~~~~~~^^^^^^^^^^^^^^^^^^^^^^^
  File "D:\PPC_Enum_List\.venv\Lib\site-packages\pymysql\cursors.py", line 153, in execute
    result = self._query(query)
  File "D:\PPC_Enum_List\.venv\Lib\site-packages\pymysql\cursors.py", line 322, in _query
    conn.query(q)
    ~~~~~~~~~~^^^
  File "D:\PPC_Enum_List\.venv\Lib\site-packages\pymysql\connections.py", line 575, in query
    self._affected_rows = self._read_query_result(unbuffered=unbuffered)
                          ~~~~~~~~~~~~~~~~~~~~~~~^^^^^^^^^^^^^^^^^^^^^^^
  File "D:\PPC_Enum_List\.venv\Lib\site-packages\pymysql\connections.py", line 826, in _read_query_result
    result.read()
    ~~~~~~~~~~~^^
  File "D:\PPC_Enum_List\.venv\Lib\site-packages\pymysql\connections.py", line 1203, in read
    first_packet = self.connection._read_packet()
  File "D:\PPC_Enum_List\.venv\Lib\site-packages\pymysql\connections.py", line 782, in _read_packet
    packet.raise_for_error()
    ~~~~~~~~~~~~~~~~~~~~~~^^
  File "D:\PPC_Enum_List\.venv\Lib\site-packages\pymysql\protocol.py", line 219, in raise_for_error
    err.raise_mysql_exception(self._data)
    ~~~~~~~~~~~~~~~~~~~~~~~~~^^^^^^^^^^^^
  File "D:\PPC_Enum_List\.venv\Lib\site-packages\pymysql\err.py", line 150, in raise_mysql_exception
    raise errorclass(errno, errval)
pymysql.err.OperationalError: (1364, "Field 'Permanent_Residence' doesn't have a default value")

The above exception was the direct cause of the following exception:

Traceback (most recent call last):
  File "D:\PPC_Enum_List\app.py", line 393, in <module>
    run_exec(
    ~~~~~~~~^
        engine,
        ^^^^^^^
    ...<25 lines>...
        },
        ^^
    )
    ^
  File "D:\PPC_Enum_List\app.py", line 46, in run_exec
    conn.execute(text(query), params or {})
    ~~~~~~~~~~~~^^^^^^^^^^^^^^^^^^^^^^^^^^^
  File "D:\PPC_Enum_List\.venv\Lib\site-packages\sqlalchemy\engine\base.py", line 1419, in execute
    return meth(
        self,
        distilled_parameters,
        execution_options or NO_OPTIONS,
    )
  File "D:\PPC_Enum_List\.venv\Lib\site-packages\sqlalchemy\sql\elements.py", line 527, in _execute_on_connection
    return connection._execute_clauseelement(
           ~~~~~~~~~~~~~~~~~~~~~~~~~~~~~~~~~^
        self, distilled_params, execution_options
        ^^^^^^^^^^^^^^^^^^^^^^^^^^^^^^^^^^^^^^^^^
    )
    ^
  File "D:\PPC_Enum_List\.venv\Lib\site-packages\sqlalchemy\engine\base.py", line 1641, in _execute_clauseelement
    ret = self._execute_context(
        dialect,
    ...<8 lines>...
        cache_hit=cache_hit,
    )
  File "D:\PPC_Enum_List\.venv\Lib\site-packages\sqlalchemy\engine\base.py", line 1846, in _execute_context
    return self._exec_single_context(
           ~~~~~~~~~~~~~~~~~~~~~~~~~^
        dialect, context, statement, parameters
        ^^^^^^^^^^^^^^^^^^^^^^^^^^^^^^^^^^^^^^^
    )
    ^
  File "D:\PPC_Enum_List\.venv\Lib\site-packages\sqlalchemy\engine\base.py", line 1986, in _exec_single_context
    self._handle_dbapi_exception(
    ~~~~~~~~~~~~~~~~~~~~~~~~~~~~^
        e, str_statement, effective_parameters, cursor, context
        ^^^^^^^^^^^^^^^^^^^^^^^^^^^^^^^^^^^^^^^^^^^^^^^^^^^^^^^
    )
    ^
  File "D:\PPC_Enum_List\.venv\Lib\site-packages\sqlalchemy\engine\base.py", line 2363, in _handle_dbapi_exception
    raise sqlalchemy_exception.with_traceback(exc_info[2]) from e
  File "D:\PPC_Enum_List\.venv\Lib\site-packages\sqlalchemy\engine\base.py", line 1967, in _exec_single_context
    self.dialect.do_execute(
    ~~~~~~~~~~~~~~~~~~~~~~~^
        cursor, str_statement, effective_parameters, context
        ^^^^^^^^^^^^^^^^^^^^^^^^^^^^^^^^^^^^^^^^^^^^^^^^^^^^
    )
    ^
  File "D:\PPC_Enum_List\.venv\Lib\site-packages\sqlalchemy\engine\default.py", line 952, in do_execute
    cursor.execute(statement, parameters)
    ~~~~~~~~~~~~~~^^^^^^^^^^^^^^^^^^^^^^^
  File "D:\PPC_Enum_List\.venv\Lib\site-packages\pymysql\cursors.py", line 153, in execute
    result = self._query(query)
  File "D:\PPC_Enum_List\.venv\Lib\site-packages\pymysql\cursors.py", line 322, in _query
    conn.query(q)
    ~~~~~~~~~~^^^
  File "D:\PPC_Enum_List\.venv\Lib\site-packages\pymysql\connections.py", line 575, in query
    self._affected_rows = self._read_query_result(unbuffered=unbuffered)
                          ~~~~~~~~~~~~~~~~~~~~~~~^^^^^^^^^^^^^^^^^^^^^^^
  File "D:\PPC_Enum_List\.venv\Lib\site-packages\pymysql\connections.py", line 826, in _read_query_result
    result.read()
    ~~~~~~~~~~~^^
  File "D:\PPC_Enum_List\.venv\Lib\site-packages\pymysql\connections.py", line 1203, in read
    first_packet = self.connection._read_packet()
  File "D:\PPC_Enum_List\.venv\Lib\site-packages\pymysql\connections.py", line 782, in _read_packet
    packet.raise_for_error()
    ~~~~~~~~~~~~~~~~~~~~~~^^
  File "D:\PPC_Enum_List\.venv\Lib\site-packages\pymysql\protocol.py", line 219, in raise_for_error
    err.raise_mysql_exception(self._data)
    ~~~~~~~~~~~~~~~~~~~~~~~~~^^^^^^^^^^^^
  File "D:\PPC_Enum_List\.venv\Lib\site-packages\pymysql\err.py", line 150, in raise_mysql_exception
    raise errorclass(errno, errval)
sqlalchemy.exc.OperationalError: (pymysql.err.OperationalError) (1364, "Field 'Permanent_Residence' doesn't have a default value")
[SQL: 
                                INSERT INTO surveyors
                                (Surveyor_Name, Gender, Father_Name, Tazkira_No,
                                 Permanent_Province_Code, Current_Province_Code,
                                 Email_Address, Whatsapp_Number, Phone_Number,
                                 CV_File, CV_File_Name, CV_Mime)
                                VALUES
                                (%(Surveyor_Name)s, %(Gender)s, %(Father_Name)s, %(Tazkira_No)s,
                                 %(Permanent_Province_Code)s, %(Current_Province_Code)s,
                                 %(Email_Address)s, %(Whatsapp_Number)s, %(Phone_Number)s,
                                 %(CV_File)s, %(CV_File_Name)s, %(CV_Mime)s)
                                ]
[parameters: {'Surveyor_Name': 'Shabeer', 'Gender': 'Male', 'Father_Name': 'Ahsas', 'Tazkira_No': '1234-1234-12233', 'Permanent_Province_Code': 'BDG', 'Current_Province_Code': 'BDG', 'Email_Address': 'ahsas.dsfd.shabeer@gmail.com', 'Whatsapp_Number': '+93745552212', 'Phone_Number': '+93745587123', 'CV_File': b'%PDF-1.3\n%\xff\xff\xff\xff\n9 0 obj\n<<\n/Type /ExtGState\n/ca 1\n>>\nendobj\n11 0 obj\n<<\n/S /URI\n/URI (https://docs.surveycto.com/export-report ... (155625 characters truncated) ... \n<<\n/Size 20\n/Root 3 0 R\n/Info 15 0 R\n/ID [<dfe3e2d97b99996428a3ee70adcd4f09> <dfe3e2d97b99996428a3ee70adcd4f09>]\n>>\nstartxref\n54792\n%%EOF\n', 'CV_File_Name': 'CBE_Data__Entry_export_report.pdf', 'CV_Mime': 'application/pdf'}]
(Background on this error at: https://sqlalche.me/e/20/e3q8)
